running develop
running egg_info
creating so101_ros2.egg-info
writing so101_ros2.egg-info/PKG-INFO
writing dependency_links to so101_ros2.egg-info/dependency_links.txt
writing entry points to so101_ros2.egg-info/entry_points.txt
writing requirements to so101_ros2.egg-info/requires.txt
writing top-level names to so101_ros2.egg-info/top_level.txt
writing manifest file 'so101_ros2.egg-info/SOURCES.txt'
reading manifest file 'so101_ros2.egg-info/SOURCES.txt'
writing manifest file 'so101_ros2.egg-info/SOURCES.txt'
running build_ext
Creating /home/msfshrdc/ros2_ws/src/so101_ros2/install/so101_ros2/lib/python3.10/site-packages/so101-ros2.egg-link (link to .)
Installing so101_ros2_pub script to /home/msfshrdc/ros2_ws/src/so101_ros2/install/so101_ros2/lib/so101_ros2

Installed /home/msfshrdc/ros2_ws/src/so101_ros2/build/so101_ros2
running symlink_data
creating /home/msfshrdc/ros2_ws/src/so101_ros2/install/so101_ros2/share/ament_index
creating /home/msfshrdc/ros2_ws/src/so101_ros2/install/so101_ros2/share/ament_index/resource_index
creating /home/msfshrdc/ros2_ws/src/so101_ros2/install/so101_ros2/share/ament_index/resource_index/packages
symbolically linking /home/msfshrdc/ros2_ws/src/so101_ros2/build/so101_ros2/resource/so101_ros2 -> /home/msfshrdc/ros2_ws/src/so101_ros2/install/so101_ros2/share/ament_index/resource_index/packages
symbolically linking /home/msfshrdc/ros2_ws/src/so101_ros2/build/so101_ros2/package.xml -> /home/msfshrdc/ros2_ws/src/so101_ros2/install/so101_ros2/share/so101_ros2
creating /home/msfshrdc/ros2_ws/src/so101_ros2/install/so101_ros2/share/so101_ros2/launch
symbolically linking /home/msfshrdc/ros2_ws/src/so101_ros2/build/so101_ros2/launch/so101_publisher_launch.py -> /home/msfshrdc/ros2_ws/src/so101_ros2/install/so101_ros2/share/so101_ros2/launch
